Started at Tue Mar 21 10:38:31 IST 2023
Processing Bittu
Offering Bittu to Project Build Discarder
Processing Cherry
Offering Cherry to Project Build Discarder
Processing Maventest
Offering Maventest to Project Build Discarder
Processing Selenium test
Offering Selenium test to Project Build Discarder
Processing Maventest/Kurella:Kurella
Offering Maventest/Kurella:Kurella to Project Build Discarder
Finished at Tue Mar 21 10:38:31 IST 2023. 16ms
Started at Tue Mar 21 11:49:55 IST 2023
Processing Bittu
Offering Bittu to Project Build Discarder
Processing Cherry
Offering Cherry to Project Build Discarder
Processing maven_project
Offering maven_project to Project Build Discarder
Processing second_project
Offering second_project to Project Build Discarder
Processing maven_project/test:test
Offering maven_project/test:test to Project Build Discarder
Finished at Tue Mar 21 11:49:55 IST 2023. 113ms
